
> katsudoulog@0.1.0 build
> next build

▲ Next.js 16.2.9 (Turbopack)
- Environments: .env.local

  Creating an optimized production build ...
✓ Compiled successfully in 12.1s
  Running TypeScript ...
  Finished TypeScript in 11.4s ...
  Collecting page data using 11 workers ...
  Generating static pages using 11 workers (0/9) ...
  Generating static pages using 11 workers (2/9) 
  Generating static pages using 11 workers (4/9) 
  Generating static pages using 11 workers (6/9) 
✓ Generating static pages using 11 workers (9/9) in 2.0s
  Finalizing page optimization ...

Route (app)
┌ ○ /
├ ○ /_not-found
├ ○ /calendar
├ ○ /companies
├ ƒ /companies/[id]
├ ○ /internships
├ ○ /login
└ ○ /stats


○  (Static)   prerendered as static content
ƒ  (Dynamic)  server-rendered on demand

